<?xml version="1.0" encoding="UTF-8"?>
<!-- Generated by org.testng.reporters.JUnitReportReporter -->
<testsuite skipped="0" hostname="mahbub-VirtualBox" name="com.my.testRunner.TestRunner" tests="1" failures="0" timestamp="30 Dec 2018 19:37:38 GMT" time="0.134" errors="0">
  <testcase name="feature" time="0.134" classname="com.my.testRunner.TestRunner"/>
</testsuite> <!-- com.my.testRunner.TestRunner -->
